{"/Users/fleeting/Sites/mBoy/deploy/generator-mboy-deploy/app/index.js":{"path":"/Users/fleeting/Sites/mBoy/deploy/generator-mboy-deploy/app/index.js","s":{"1":1,"2":1,"3":1,"4":1,"5":1,"6":1,"7":5,"8":5,"9":5,"10":5,"11":5,"12":5,"13":5,"14":5,"15":1,"16":4,"17":5,"18":1,"19":4,"20":5,"21":1,"22":4,"23":5,"24":5,"25":5,"26":5,"27":5,"28":5,"29":5,"30":1,"31":1,"32":4,"33":4,"34":5,"35":1,"36":4,"37":5,"38":1,"39":4,"40":5,"41":5,"42":5,"43":5,"44":5,"45":1,"46":1,"47":5,"48":1,"49":1,"50":5,"51":3,"52":5,"53":3,"54":5,"55":1,"56":5,"57":5,"58":5,"59":5,"60":5,"61":5,"62":5,"63":5,"64":5},"b":{"1":[1,4],"2":[1,4],"3":[1,4],"4":[1,4],"5":[1,4],"6":[1,4],"7":[1,4],"8":[1,4],"9":[3,2],"10":[3,2],"11":[1,4],"12":[5,3]},"f":{"1":5,"2":5,"3":5,"4":5,"5":5,"6":5,"7":5,"8":5},"fnMap":{"1":{"name":"(anonymous_1)","line":9,"loc":{"start":{"line":9,"column":16},"end":{"line":9,"column":27}}},"2":{"name":"(anonymous_2)","line":13,"loc":{"start":{"line":13,"column":13},"end":{"line":13,"column":24}}},"3":{"name":"(anonymous_3)","line":60,"loc":{"start":{"line":60,"column":14},"end":{"line":60,"column":32}}},"4":{"name":"(anonymous_4)","line":76,"loc":{"start":{"line":76,"column":14},"end":{"line":76,"column":32}}},"5":{"name":"(anonymous_5)","line":87,"loc":{"start":{"line":87,"column":14},"end":{"line":87,"column":32}}},"6":{"name":"(anonymous_6)","line":107,"loc":{"start":{"line":107,"column":25},"end":{"line":107,"column":41}}},"7":{"name":"(anonymous_7)","line":169,"loc":{"start":{"line":169,"column":17},"end":{"line":169,"column":28}}},"8":{"name":"(anonymous_8)","line":178,"loc":{"start":{"line":178,"column":11},"end":{"line":178,"column":22}}}},"statementMap":{"1":{"start":{"line":2,"column":0},"end":{"line":2,"column":45}},"2":{"start":{"line":3,"column":0},"end":{"line":3,"column":41}},"3":{"start":{"line":4,"column":0},"end":{"line":4,"column":29}},"4":{"start":{"line":5,"column":0},"end":{"line":5,"column":29}},"5":{"start":{"line":6,"column":0},"end":{"line":6,"column":42}},"6":{"start":{"line":8,"column":0},"end":{"line":181,"column":3}},"7":{"start":{"line":10,"column":4},"end":{"line":10,"column":42}},"8":{"start":{"line":14,"column":4},"end":{"line":14,"column":28}},"9":{"start":{"line":16,"column":4},"end":{"line":27,"column":6}},"10":{"start":{"line":30,"column":4},"end":{"line":32,"column":7}},"11":{"start":{"line":34,"column":4},"end":{"line":34,"column":174}},"12":{"start":{"line":36,"column":4},"end":{"line":36,"column":217}},"13":{"start":{"line":38,"column":4},"end":{"line":105,"column":6}},"14":{"start":{"line":61,"column":10},"end":{"line":65,"column":11}},"15":{"start":{"line":62,"column":12},"end":{"line":62,"column":24}},"16":{"start":{"line":64,"column":12},"end":{"line":64,"column":25}},"17":{"start":{"line":77,"column":10},"end":{"line":81,"column":11}},"18":{"start":{"line":78,"column":12},"end":{"line":78,"column":24}},"19":{"start":{"line":80,"column":12},"end":{"line":80,"column":25}},"20":{"start":{"line":88,"column":10},"end":{"line":92,"column":11}},"21":{"start":{"line":89,"column":12},"end":{"line":89,"column":24}},"22":{"start":{"line":91,"column":12},"end":{"line":91,"column":25}},"23":{"start":{"line":107,"column":4},"end":{"line":165,"column":18}},"24":{"start":{"line":108,"column":6},"end":{"line":108,"column":43}},"25":{"start":{"line":109,"column":6},"end":{"line":109,"column":65}},"26":{"start":{"line":110,"column":6},"end":{"line":110,"column":35}},"27":{"start":{"line":111,"column":6},"end":{"line":111,"column":43}},"28":{"start":{"line":112,"column":6},"end":{"line":112,"column":47}},"29":{"start":{"line":113,"column":6},"end":{"line":119,"column":7}},"30":{"start":{"line":114,"column":8},"end":{"line":114,"column":66}},"31":{"start":{"line":115,"column":8},"end":{"line":115,"column":65}},"32":{"start":{"line":117,"column":8},"end":{"line":117,"column":57}},"33":{"start":{"line":118,"column":8},"end":{"line":118,"column":38}},"34":{"start":{"line":121,"column":6},"end":{"line":125,"column":7}},"35":{"start":{"line":122,"column":8},"end":{"line":122,"column":59}},"36":{"start":{"line":124,"column":8},"end":{"line":124,"column":40}},"37":{"start":{"line":127,"column":6},"end":{"line":131,"column":7}},"38":{"start":{"line":128,"column":8},"end":{"line":128,"column":69}},"39":{"start":{"line":130,"column":8},"end":{"line":130,"column":45}},"40":{"start":{"line":133,"column":6},"end":{"line":133,"column":39}},"41":{"start":{"line":134,"column":6},"end":{"line":134,"column":43}},"42":{"start":{"line":135,"column":6},"end":{"line":135,"column":26}},"43":{"start":{"line":136,"column":6},"end":{"line":136,"column":27}},"44":{"start":{"line":139,"column":6},"end":{"line":142,"column":7}},"45":{"start":{"line":140,"column":8},"end":{"line":140,"column":115}},"46":{"start":{"line":141,"column":8},"end":{"line":141,"column":165}},"47":{"start":{"line":144,"column":6},"end":{"line":147,"column":7}},"48":{"start":{"line":145,"column":8},"end":{"line":145,"column":46}},"49":{"start":{"line":146,"column":8},"end":{"line":146,"column":55}},"50":{"start":{"line":149,"column":6},"end":{"line":151,"column":7}},"51":{"start":{"line":150,"column":8},"end":{"line":150,"column":40}},"52":{"start":{"line":153,"column":6},"end":{"line":155,"column":7}},"53":{"start":{"line":154,"column":8},"end":{"line":154,"column":44}},"54":{"start":{"line":157,"column":6},"end":{"line":159,"column":7}},"55":{"start":{"line":158,"column":8},"end":{"line":158,"column":93}},"56":{"start":{"line":161,"column":6},"end":{"line":161,"column":45}},"57":{"start":{"line":162,"column":6},"end":{"line":162,"column":47}},"58":{"start":{"line":164,"column":6},"end":{"line":164,"column":13}},"59":{"start":{"line":170,"column":6},"end":{"line":170,"column":42}},"60":{"start":{"line":171,"column":6},"end":{"line":171,"column":60}},"61":{"start":{"line":172,"column":6},"end":{"line":172,"column":82}},"62":{"start":{"line":173,"column":6},"end":{"line":173,"column":68}},"63":{"start":{"line":174,"column":6},"end":{"line":174,"column":76}},"64":{"start":{"line":179,"column":4},"end":{"line":179,"column":92}}},"branchMap":{"1":{"line":61,"type":"if","locations":[{"start":{"line":61,"column":10},"end":{"line":61,"column":10}},{"start":{"line":61,"column":10},"end":{"line":61,"column":10}}]},"2":{"line":77,"type":"if","locations":[{"start":{"line":77,"column":10},"end":{"line":77,"column":10}},{"start":{"line":77,"column":10},"end":{"line":77,"column":10}}]},"3":{"line":88,"type":"if","locations":[{"start":{"line":88,"column":10},"end":{"line":88,"column":10}},{"start":{"line":88,"column":10},"end":{"line":88,"column":10}}]},"4":{"line":113,"type":"if","locations":[{"start":{"line":113,"column":6},"end":{"line":113,"column":6}},{"start":{"line":113,"column":6},"end":{"line":113,"column":6}}]},"5":{"line":121,"type":"if","locations":[{"start":{"line":121,"column":6},"end":{"line":121,"column":6}},{"start":{"line":121,"column":6},"end":{"line":121,"column":6}}]},"6":{"line":127,"type":"if","locations":[{"start":{"line":127,"column":6},"end":{"line":127,"column":6}},{"start":{"line":127,"column":6},"end":{"line":127,"column":6}}]},"7":{"line":139,"type":"if","locations":[{"start":{"line":139,"column":6},"end":{"line":139,"column":6}},{"start":{"line":139,"column":6},"end":{"line":139,"column":6}}]},"8":{"line":144,"type":"if","locations":[{"start":{"line":144,"column":6},"end":{"line":144,"column":6}},{"start":{"line":144,"column":6},"end":{"line":144,"column":6}}]},"9":{"line":149,"type":"if","locations":[{"start":{"line":149,"column":6},"end":{"line":149,"column":6}},{"start":{"line":149,"column":6},"end":{"line":149,"column":6}}]},"10":{"line":153,"type":"if","locations":[{"start":{"line":153,"column":6},"end":{"line":153,"column":6}},{"start":{"line":153,"column":6},"end":{"line":153,"column":6}}]},"11":{"line":157,"type":"if","locations":[{"start":{"line":157,"column":6},"end":{"line":157,"column":6}},{"start":{"line":157,"column":6},"end":{"line":157,"column":6}}]},"12":{"line":157,"type":"binary-expr","locations":[{"start":{"line":157,"column":10},"end":{"line":157,"column":26}},{"start":{"line":157,"column":30},"end":{"line":157,"column":68}}]}}}}