TN:
SF:/Users/fleeting/Sites/mBoy/deploy/generator-mboy-deploy/app/index.js
FN:9,(anonymous_1)
FN:13,(anonymous_2)
FN:60,(anonymous_3)
FN:76,(anonymous_4)
FN:87,(anonymous_5)
FN:107,(anonymous_6)
FN:169,(anonymous_7)
FN:178,(anonymous_8)
FNF:8
FNH:8
FNDA:5,(anonymous_1)
FNDA:5,(anonymous_2)
FNDA:5,(anonymous_3)
FNDA:5,(anonymous_4)
FNDA:5,(anonymous_5)
FNDA:5,(anonymous_6)
FNDA:5,(anonymous_7)
FNDA:5,(anonymous_8)
DA:2,1
DA:3,1
DA:4,1
DA:5,1
DA:6,1
DA:8,1
DA:10,5
DA:14,5
DA:16,5
DA:30,5
DA:34,5
DA:36,5
DA:38,5
DA:61,5
DA:62,1
DA:64,4
DA:77,5
DA:78,1
DA:80,4
DA:88,5
DA:89,1
DA:91,4
DA:107,5
DA:108,5
DA:109,5
DA:110,5
DA:111,5
DA:112,5
DA:113,5
DA:114,1
DA:115,1
DA:117,4
DA:118,4
DA:121,5
DA:122,1
DA:124,4
DA:127,5
DA:128,1
DA:130,4
DA:133,5
DA:134,5
DA:135,5
DA:136,5
DA:139,5
DA:140,1
DA:141,1
DA:144,5
DA:145,1
DA:146,1
DA:149,5
DA:150,3
DA:153,5
DA:154,3
DA:157,5
DA:158,1
DA:161,5
DA:162,5
DA:164,5
DA:170,5
DA:171,5
DA:172,5
DA:173,5
DA:174,5
DA:179,5
LF:64
LH:64
BRDA:61,1,0,1
BRDA:61,1,1,4
BRDA:77,2,0,1
BRDA:77,2,1,4
BRDA:88,3,0,1
BRDA:88,3,1,4
BRDA:113,4,0,1
BRDA:113,4,1,4
BRDA:121,5,0,1
BRDA:121,5,1,4
BRDA:127,6,0,1
BRDA:127,6,1,4
BRDA:139,7,0,1
BRDA:139,7,1,4
BRDA:144,8,0,1
BRDA:144,8,1,4
BRDA:149,9,0,3
BRDA:149,9,1,2
BRDA:153,10,0,3
BRDA:153,10,1,2
BRDA:157,11,0,1
BRDA:157,11,1,4
BRDA:157,12,0,5
BRDA:157,12,1,3
BRF:24
BRH:24
end_of_record
